PipelineRunner Starting. 
   SIMPLib Version 1.2.828.f45085c83
Pipeline Count: 11
: 8%
: [1/11] StatsGenerator 
: 16%
: [2/11] Initialize Synthetic Volume 
: 25%
: [3/11] Establish Shape Types 
: 33%
: [4/11] Pack Primary Phases 
Pack Primary Phases: [4/11] Pack Primary Phases : Packing Features || Initializing Volume
Pack Primary Phases: [4/11] Pack Primary Phases : Packing Features || Placing Features
Pack Primary Phases: [4/11] Pack Primary Phases : Packing Features (1/2) || Generating Feature #100
Pack Primary Phases: [4/11] Pack Primary Phases : Packing Features (1/2) || Generating Feature #200
Pack Primary Phases: [4/11] Pack Primary Phases : Packing Features (1/2) || Generating Feature #300
Pack Primary Phases: [4/11] Pack Primary Phases : Packing Features (1/2) || Generating Feature #400
Pack Primary Phases: [4/11] Pack Primary Phases : Packing Features (1/2) || Generating Feature #500
Pack Primary Phases: [4/11] Pack Primary Phases : Packing Features (1/2) || Generating Feature #600
Pack Primary Phases: [4/11] Pack Primary Phases : Packing Features (1/2) || Generating Feature #700
Pack Primary Phases: [4/11] Pack Primary Phases : Packing Features (1/2) || Generating Feature #800
Pack Primary Phases: [4/11] Pack Primary Phases : Packing Features (1/2) || Generating Feature #900
Pack Primary Phases: [4/11] Pack Primary Phases : Packing Features (1/2) || Generating Feature #1000
Pack Primary Phases: [4/11] Pack Primary Phases : Packing Features (1/2) || Generating Feature #1100
Pack Primary Phases: [4/11] Pack Primary Phases : Packing Features (1/2) || Generating Feature #1200
Pack Primary Phases: [4/11] Pack Primary Phases : Packing Features (1/2) || Generating Feature #1300
Pack Primary Phases: [4/11] Pack Primary Phases : Packing Features (1/2) || Generating Feature #1400
Pack Primary Phases: [4/11] Pack Primary Phases : Packing Features (1/2) || Generating Feature #1500
Pack Primary Phases: [4/11] Pack Primary Phases : Packing Features (1/2) || Generating Feature #1600
Pack Primary Phases: [4/11] Pack Primary Phases : Packing Features (1/2) || Generating Feature #1700
Pack Primary Phases: [4/11] Pack Primary Phases : Packing Features (1/2) || Generating Feature #1800
Pack Primary Phases: [4/11] Pack Primary Phases : Packing Features (1/2) || Generating Feature #1900
Pack Primary Phases: [4/11] Pack Primary Phases : Packing Features (1/2) || Generating Feature #2000
Pack Primary Phases: [4/11] Pack Primary Phases : Packing Features (1/2) || Generating Feature #2100
Pack Primary Phases: [4/11] Pack Primary Phases : Packing Features (1/2) || Generating Feature #2200
Pack Primary Phases: [4/11] Pack Primary Phases : Packing Features (1/2) || Generating Feature #2300
Pack Primary Phases: [4/11] Pack Primary Phases : Packing Features (1/2) || Generating Feature #2400
Pack Primary Phases: [4/11] Pack Primary Phases : Packing Features (1/2) || Generating Feature #2500
Pack Primary Phases: [4/11] Pack Primary Phases : Packing Features (1/2) || Generating Feature #2600
Pack Primary Phases: [4/11] Pack Primary Phases : Packing Features (1/2) || Generating Feature #2700
Pack Primary Phases: [4/11] Pack Primary Phases : Packing Features (1/2) || Generating Feature #2800
Pack Primary Phases: [4/11] Pack Primary Phases : Packing Features (1/2) || Generating Feature #2900
Pack Primary Phases: [4/11] Pack Primary Phases : Packing Features (1/2) || Generating Feature #3000
Pack Primary Phases: [4/11] Pack Primary Phases : Packing Features (1/2) || Generating Feature #3100
Pack Primary Phases: [4/11] Pack Primary Phases : Packing Features (1/2) || Generating Feature #3200
Pack Primary Phases: [4/11] Pack Primary Phases : Packing Features (1/2) || Generating Feature #3300
Pack Primary Phases: [4/11] Pack Primary Phases : Packing Features (1/2) || Generating Feature #3400
Pack Primary Phases: [4/11] Pack Primary Phases : Packing Features (1/2) || Generating Feature #3500
Pack Primary Phases: [4/11] Pack Primary Phases : Packing Features (1/2) || Generating Feature #3600
Pack Primary Phases: [4/11] Pack Primary Phases : Packing Features (1/2) || Generating Feature #3700
Pack Primary Phases: [4/11] Pack Primary Phases : Packing Features (1/2) || Generating Feature #3800
Pack Primary Phases: [4/11] Pack Primary Phases : Packing Features (1/2) || Generating Feature #3900
Pack Primary Phases: [4/11] Pack Primary Phases : Packing Features (1/2) || Generating Feature #4000
Pack Primary Phases: [4/11] Pack Primary Phases : Packing Features (1/2) || Generating Feature #4100
Pack Primary Phases: [4/11] Pack Primary Phases : Packing Features (1/2) || Generating Feature #4200
Pack Primary Phases: [4/11] Pack Primary Phases : Packing Features (1/2) || Generating Feature #4300
Pack Primary Phases: [4/11] Pack Primary Phases : Packing Features (1/2) || Generating Feature #4400
Pack Primary Phases: [4/11] Pack Primary Phases : Packing Features (1/2) || Generating Feature #4500
Pack Primary Phases: [4/11] Pack Primary Phases : Packing Features (1/2) || Generating Feature #4600
Pack Primary Phases: [4/11] Pack Primary Phases : Packing Features (1/2) || Generating Feature #4700
Pack Primary Phases: [4/11] Pack Primary Phases : Packing Features (1/2) || Generating Feature #4800
Pack Primary Phases: [4/11] Pack Primary Phases : Packing Features (1/2) || Generating Feature #4900
Pack Primary Phases: [4/11] Pack Primary Phases : Packing Features (1/2) || Generating Feature #5000
Pack Primary Phases: [4/11] Pack Primary Phases : Packing Features (1/2) || Generating Feature #5100
Pack Primary Phases: [4/11] Pack Primary Phases : Packing Features (1/2) || Generating Feature #5200
Pack Primary Phases: [4/11] Pack Primary Phases : Packing Features (1/2) || Generating Feature #5300
Pack Primary Phases: [4/11] Pack Primary Phases : Packing Features (1/2) || Generating Feature #5400
Pack Primary Phases: [4/11] Pack Primary Phases : Packing Features (1/2) || Generating Feature #5500
Pack Primary Phases: [4/11] Pack Primary Phases : Packing Features (1/2) || Generating Feature #5600
Pack Primary Phases: [4/11] Pack Primary Phases : Packing Features (1/2) || Generating Feature #5700
Pack Primary Phases: [4/11] Pack Primary Phases : Packing Features (1/2) || Generating Feature #5800
Pack Primary Phases: [4/11] Pack Primary Phases : Packing Features (1/2) || Generating Feature #5900
Pack Primary Phases: [4/11] Pack Primary Phases : Packing Features (1/2) || Generating Feature #6000
Pack Primary Phases: [4/11] Pack Primary Phases : Packing Features (1/2) || Generating Feature #6100
Pack Primary Phases: [4/11] Pack Primary Phases : Packing Features (1/2) || Generating Feature #6200
Pack Primary Phases: [4/11] Pack Primary Phases : Packing Features (1/2) || Generating Feature #6300
Pack Primary Phases: [4/11] Pack Primary Phases : Packing Features (1/2) || Generating Feature #6400
Pack Primary Phases: [4/11] Pack Primary Phases : Packing Features (1/2) || Generating Feature #6500
Pack Primary Phases: [4/11] Pack Primary Phases : Packing Features (1/2) || Generating Feature #6600
Pack Primary Phases: [4/11] Pack Primary Phases : Packing Features (1/2) || Generating Feature #6700
Pack Primary Phases: [4/11] Pack Primary Phases : Packing Features (1/2) || Generating Feature #6800
Pack Primary Phases: [4/11] Pack Primary Phases : Packing Features (1/2) || Generating Feature #6900
Pack Primary Phases: [4/11] Pack Primary Phases : Packing Features (2/2) || Generating Feature #6957
Pack Primary Phases: [4/11] Pack Primary Phases : Packing Features (2/2) || Generating Feature #6958
Pack Primary Phases: [4/11] Pack Primary Phases : Packing Features (2/2) || Generating Feature #6959
Pack Primary Phases: [4/11] Pack Primary Phases : Packing Features (2/2) || Generating Feature #6960
Pack Primary Phases: [4/11] Pack Primary Phases : Packing Features (2/2) || Generating Feature #6961
Pack Primary Phases: [4/11] Pack Primary Phases : Packing Features (2/2) || Generating Feature #6962
Pack Primary Phases: [4/11] Pack Primary Phases : Packing Features (2/2) || Generating Feature #6963
Pack Primary Phases: [4/11] Pack Primary Phases : Packing Features (2/2) || Generating Feature #6964
Pack Primary Phases: [4/11] Pack Primary Phases : Packing Features (2/2) || Generating Feature #6965
Pack Primary Phases: [4/11] Pack Primary Phases : Packing Features (2/2) || Generating Feature #6966
Pack Primary Phases: [4/11] Pack Primary Phases : Packing Features (2/2) || Generating Feature #6967
Pack Primary Phases: [4/11] Pack Primary Phases : Packing Features (2/2) || Generating Feature #6968
Pack Primary Phases: [4/11] Pack Primary Phases : Packing Features (2/2) || Generating Feature #6969
Pack Primary Phases: [4/11] Pack Primary Phases : Packing Features (2/2) || Generating Feature #6970
Pack Primary Phases: [4/11] Pack Primary Phases : Packing Features (2/2) || Generating Feature #6971
Pack Primary Phases: [4/11] Pack Primary Phases : Packing Features (2/2) || Generating Feature #6972
Pack Primary Phases: [4/11] Pack Primary Phases : Packing Features (2/2) || Generating Feature #6973
Pack Primary Phases: [4/11] Pack Primary Phases : Packing Features (2/2) || Generating Feature #6974
Pack Primary Phases: [4/11] Pack Primary Phases : Packing Features (2/2) || Generating Feature #6975
Pack Primary Phases: [4/11] Pack Primary Phases : Packing Features (2/2) || Generating Feature #6976
Pack Primary Phases: [4/11] Pack Primary Phases : Packing Features (2/2) || Generating Feature #6977
Pack Primary Phases: [4/11] Pack Primary Phases : Packing Features (2/2) || Generating Feature #6978
Pack Primary Phases: [4/11] Pack Primary Phases : Packing Features (2/2) || Generating Feature #6979
Pack Primary Phases: [4/11] Pack Primary Phases : Packing Features (2/2) || Generating Feature #6980
Pack Primary Phases: [4/11] Pack Primary Phases : Packing Features (2/2) || Generating Feature #6981
Pack Primary Phases: [4/11] Pack Primary Phases : Packing Features (2/2) || Generating Feature #6982
Pack Primary Phases: [4/11] Pack Primary Phases : Packing Features (2/2) || Generating Feature #6983
Pack Primary Phases: [4/11] Pack Primary Phases : Packing Features (2/2) || Generating Feature #6984
Pack Primary Phases: [4/11] Pack Primary Phases : Packing Features (2/2) || Generating Feature #6985
Pack Primary Phases: [4/11] Pack Primary Phases : Packing Features (2/2) || Generating Feature #6986
Pack Primary Phases: [4/11] Pack Primary Phases : Packing Features (2/2) || Generating Feature #6987
Pack Primary Phases: [4/11] Pack Primary Phases : Packing Features (2/2) || Generating Feature #6988
Pack Primary Phases: [4/11] Pack Primary Phases : Packing Features (2/2) || Generating Feature #6989
Pack Primary Phases: [4/11] Pack Primary Phases : Packing Features (2/2) || Generating Feature #6990
Pack Primary Phases: [4/11] Pack Primary Phases : Packing Features (2/2) || Generating Feature #6991
Pack Primary Phases: [4/11] Pack Primary Phases : Packing Features (2/2) || Generating Feature #6992
Pack Primary Phases: [4/11] Pack Primary Phases : Packing Features (2/2) || Generating Feature #6993
Pack Primary Phases: [4/11] Pack Primary Phases : Packing Features (2/2) || Generating Feature #6994
Pack Primary Phases: [4/11] Pack Primary Phases : Packing Features (2/2) || Generating Feature #6995
Pack Primary Phases: [4/11] Pack Primary Phases : Packing Features (2/2) || Generating Feature #6996
Pack Primary Phases: [4/11] Pack Primary Phases : Packing Features (2/2) || Generating Feature #6997
Pack Primary Phases: [4/11] Pack Primary Phases : Packing Features (2/2) || Generating Feature #6998
Pack Primary Phases: [4/11] Pack Primary Phases : Packing Features (2/2) || Generating Feature #6999
Pack Primary Phases: [4/11] Pack Primary Phases : Packing Features (2/2) || Generating Feature #7000
Pack Primary Phases: [4/11] Pack Primary Phases : Packing Features (2/2) || Generating Feature #7001
Pack Primary Phases: [4/11] Pack Primary Phases : Packing Features (2/2) || Generating Feature #7002
Pack Primary Phases: [4/11] Pack Primary Phases : Packing Features (2/2) || Generating Feature #7003
Pack Primary Phases: [4/11] Pack Primary Phases : Packing Features (2/2) || Generating Feature #7004
Pack Primary Phases: [4/11] Pack Primary Phases : Packing Features (2/2) || Generating Feature #7005
Pack Primary Phases: [4/11] Pack Primary Phases : Packing Features (2/2) || Generating Feature #7006
Pack Primary Phases: [4/11] Pack Primary Phases : Packing Features (2/2) || Generating Feature #7007
Pack Primary Phases: [4/11] Pack Primary Phases : Packing Features (2/2) || Generating Feature #7008
Pack Primary Phases: [4/11] Pack Primary Phases : Packing Features (2/2) || Generating Feature #7009
Pack Primary Phases: [4/11] Pack Primary Phases : Packing Features (2/2) || Generating Feature #7010
Pack Primary Phases: [4/11] Pack Primary Phases : Packing Features (2/2) || Generating Feature #7011
Pack Primary Phases: [4/11] Pack Primary Phases : Packing Features (2/2) || Generating Feature #7012
Pack Primary Phases: [4/11] Pack Primary Phases : Packing Features (2/2) || Generating Feature #7013
Pack Primary Phases: [4/11] Pack Primary Phases : Packing Features (2/2) || Generating Feature #7014
Pack Primary Phases: [4/11] Pack Primary Phases : Packing Features (2/2) || Generating Feature #7015
Pack Primary Phases: [4/11] Pack Primary Phases : Packing Features (2/2) || Generating Feature #7016
Pack Primary Phases: [4/11] Pack Primary Phases : Packing Features (2/2) || Generating Feature #7017
Pack Primary Phases: [4/11] Pack Primary Phases : Packing Features (2/2) || Generating Feature #7018
Pack Primary Phases: [4/11] Pack Primary Phases : Packing Features (2/2) || Generating Feature #7019
Pack Primary Phases: [4/11] Pack Primary Phases : Packing Features (2/2) || Generating Feature #7020
Pack Primary Phases: [4/11] Pack Primary Phases : Packing Features (2/2) || Generating Feature #7021
Pack Primary Phases: [4/11] Pack Primary Phases : Packing Features (2/2) || Generating Feature #7022
Pack Primary Phases: [4/11] Pack Primary Phases : Packing Features (2/2) || Generating Feature #7023
Pack Primary Phases: [4/11] Pack Primary Phases : Packing Features (2/2) || Generating Feature #7024
Pack Primary Phases: [4/11] Pack Primary Phases : Packing Features (2/2) || Generating Feature #7025
Pack Primary Phases: [4/11] Pack Primary Phases : Packing Features (2/2) || Generating Feature #7026
Pack Primary Phases: [4/11] Pack Primary Phases : Packing Features (2/2) || Generating Feature #7027
Pack Primary Phases: [4/11] Pack Primary Phases : Packing Features (2/2) || Generating Feature #7028
Pack Primary Phases: [4/11] Pack Primary Phases : Packing Features (2/2) || Generating Feature #7029
Pack Primary Phases: [4/11] Pack Primary Phases : Packing Features (2/2) || Generating Feature #7030
Pack Primary Phases: [4/11] Pack Primary Phases : Packing Features (2/2) || Generating Feature #7031
Pack Primary Phases: [4/11] Pack Primary Phases : Packing Features (2/2) || Generating Feature #7032
Pack Primary Phases: [4/11] Pack Primary Phases : Packing Features (2/2) || Generating Feature #7033
Pack Primary Phases: [4/11] Pack Primary Phases : Packing Features (2/2) || Generating Feature #7034
Pack Primary Phases: [4/11] Pack Primary Phases : Packing Features (2/2) || Generating Feature #7035
Pack Primary Phases: [4/11] Pack Primary Phases : Packing Features (2/2) || Generating Feature #7036
Pack Primary Phases: [4/11] Pack Primary Phases : Packing Features (2/2) || Generating Feature #7037
Pack Primary Phases: [4/11] Pack Primary Phases : Packing Features (2/2) || Generating Feature #7038
Pack Primary Phases: [4/11] Pack Primary Phases : Packing Features (2/2) || Generating Feature #7039
Pack Primary Phases: [4/11] Pack Primary Phases : Packing Features (2/2) || Generating Feature #7040
Pack Primary Phases: [4/11] Pack Primary Phases : Packing Features (2/2) || Generating Feature #7041
Pack Primary Phases: [4/11] Pack Primary Phases : Packing Features (2/2) || Generating Feature #7042
Pack Primary Phases: [4/11] Pack Primary Phases : Packing Features (2/2) || Generating Feature #7043
Pack Primary Phases: [4/11] Pack Primary Phases : Packing Features (2/2) || Generating Feature #7044
Pack Primary Phases: [4/11] Pack Primary Phases : Packing Features (2/2) || Generating Feature #7045
Pack Primary Phases: [4/11] Pack Primary Phases : Packing Features (2/2) || Generating Feature #7046
Pack Primary Phases: [4/11] Pack Primary Phases : Packing Features (2/2) || Generating Feature #7047
Pack Primary Phases: [4/11] Pack Primary Phases : Packing Features (2/2) || Generating Feature #7048
Pack Primary Phases: [4/11] Pack Primary Phases : Packing Features (2/2) || Generating Feature #7049
Pack Primary Phases: [4/11] Pack Primary Phases : Packing Features (2/2) || Generating Feature #7050
Pack Primary Phases: [4/11] Pack Primary Phases : Packing Features (2/2) || Generating Feature #7051
Pack Primary Phases: [4/11] Pack Primary Phases : Packing Features (2/2) || Generating Feature #7052
Pack Primary Phases: [4/11] Pack Primary Phases : Packing Features (2/2) || Generating Feature #7053
Pack Primary Phases: [4/11] Pack Primary Phases : Packing Features (2/2) || Generating Feature #7054
Pack Primary Phases: [4/11] Pack Primary Phases : Packing Features (2/2) || Generating Feature #7055
Pack Primary Phases: [4/11] Pack Primary Phases : Packing Features (2/2) || Generating Feature #7056
Pack Primary Phases: [4/11] Pack Primary Phases : Packing Features (2/2) || Generating Feature #7057
Pack Primary Phases: [4/11] Pack Primary Phases : Packing Features (2/2) || Generating Feature #7058
Pack Primary Phases: [4/11] Pack Primary Phases : Packing Features (2/2) || Generating Feature #7059
Pack Primary Phases: [4/11] Pack Primary Phases : Packing Features (2/2) || Generating Feature #7060
Pack Primary Phases: [4/11] Pack Primary Phases : Packing Features (2/2) || Generating Feature #7061
Pack Primary Phases: [4/11] Pack Primary Phases : Packing Features (2/2) || Generating Feature #7062
Pack Primary Phases: [4/11] Pack Primary Phases : Packing Features (2/2) || Generating Feature #7063
Pack Primary Phases: [4/11] Pack Primary Phases : Packing Features (2/2) || Generating Feature #7064
Pack Primary Phases: [4/11] Pack Primary Phases : Packing Features (2/2) || Generating Feature #7065
Pack Primary Phases: [4/11] Pack Primary Phases : Packing Features (2/2) || Generating Feature #7066
Pack Primary Phases: [4/11] Pack Primary Phases : Packing Features (2/2) || Generating Feature #7067
Pack Primary Phases: [4/11] Pack Primary Phases : Packing Features (2/2) || Generating Feature #7068
Pack Primary Phases: [4/11] Pack Primary Phases : Packing Features (2/2) || Generating Feature #7069
Pack Primary Phases: [4/11] Pack Primary Phases : Packing Features (2/2) || Generating Feature #7070
Pack Primary Phases: [4/11] Pack Primary Phases : Packing Features (2/2) || Generating Feature #7071
Pack Primary Phases: [4/11] Pack Primary Phases : Packing Features (2/2) || Generating Feature #7072
Pack Primary Phases: [4/11] Pack Primary Phases : Packing Features (2/2) || Generating Feature #7073
Pack Primary Phases: [4/11] Pack Primary Phases : Packing Features (2/2) || Generating Feature #7074
Pack Primary Phases: [4/11] Pack Primary Phases : Packing Features (2/2) || Generating Feature #7075
Pack Primary Phases: [4/11] Pack Primary Phases : Packing Features (2/2) || Generating Feature #7076
Pack Primary Phases: [4/11] Pack Primary Phases : Packing Features (2/2) || Generating Feature #7077
Pack Primary Phases: [4/11] Pack Primary Phases : Packing Features (2/2) || Generating Feature #7078
Pack Primary Phases: [4/11] Pack Primary Phases : Packing Features (2/2) || Generating Feature #7079
Pack Primary Phases: [4/11] Pack Primary Phases : Packing Features (2/2) || Generating Feature #7080
Pack Primary Phases: [4/11] Pack Primary Phases : Packing Features (2/2) || Generating Feature #7081
Pack Primary Phases: [4/11] Pack Primary Phases : Packing Features (2/2) || Generating Feature #7082
Pack Primary Phases: [4/11] Pack Primary Phases : Packing Features (2/2) || Generating Feature #7083
Pack Primary Phases: [4/11] Pack Primary Phases : Packing Features (2/2) || Generating Feature #7084
Pack Primary Phases: [4/11] Pack Primary Phases : Packing Features (2/2) || Generating Feature #7085
Pack Primary Phases: [4/11] Pack Primary Phases : Packing Features (2/2) || Generating Feature #7086
Pack Primary Phases: [4/11] Pack Primary Phases : Packing Features (2/2) || Generating Feature #7087
Pack Primary Phases: [4/11] Pack Primary Phases : Packing Features (2/2) || Generating Feature #7088
Pack Primary Phases: [4/11] Pack Primary Phases : Packing Features (2/2) || Generating Feature #7089
Pack Primary Phases: [4/11] Pack Primary Phases : Packing Features (2/2) || Generating Feature #7090
Pack Primary Phases: [4/11] Pack Primary Phases : Packing Features (2/2) || Generating Feature #7091
Pack Primary Phases: [4/11] Pack Primary Phases : Packing Features (2/2) || Generating Feature #7092
Pack Primary Phases: [4/11] Pack Primary Phases : Packing Features (2/2) || Generating Feature #7093
Pack Primary Phases: [4/11] Pack Primary Phases : Packing Features (2/2) || Generating Feature #7094
Pack Primary Phases: [4/11] Pack Primary Phases : Packing Features (2/2) || Generating Feature #7095
Pack Primary Phases: [4/11] Pack Primary Phases : Packing Features (2/2) || Generating Feature #7096
Pack Primary Phases: [4/11] Pack Primary Phases : Packing Features (2/2) || Generating Feature #7097
Pack Primary Phases: [4/11] Pack Primary Phases : Packing Features (2/2) || Generating Feature #7098
Pack Primary Phases: [4/11] Pack Primary Phases : Packing Features (2/2) || Generating Feature #7099
Pack Primary Phases: [4/11] Pack Primary Phases : Packing Features (2/2) || Generating Feature #7100
Pack Primary Phases: [4/11] Pack Primary Phases : Packing Features (2/2) || Generating Feature #7101
Pack Primary Phases: [4/11] Pack Primary Phases : Packing Features (2/2) || Generating Feature #7102
Pack Primary Phases: [4/11] Pack Primary Phases : Packing Features (2/2) || Generating Feature #7103
Pack Primary Phases: [4/11] Pack Primary Phases : Packing Features (2/2) || Generating Feature #7104
Pack Primary Phases: [4/11] Pack Primary Phases : Packing Features (2/2) || Generating Feature #7105
Pack Primary Phases: [4/11] Pack Primary Phases : Packing Features (2/2) || Generating Feature #7106
Pack Primary Phases: [4/11] Pack Primary Phases : Packing Features (2/2) || Generating Feature #7107
Pack Primary Phases: [4/11] Pack Primary Phases : Packing Features (2/2) || Generating Feature #7108
Pack Primary Phases: [4/11] Pack Primary Phases : Packing Features (2/2) || Generating Feature #7109
Pack Primary Phases: [4/11] Pack Primary Phases : Packing Features (2/2) || Generating Feature #7110
Pack Primary Phases: [4/11] Pack Primary Phases : Packing Features (2/2) || Generating Feature #7111
Pack Primary Phases: [4/11] Pack Primary Phases : Packing Features (2/2) || Generating Feature #7112
Pack Primary Phases: [4/11] Pack Primary Phases : Packing Features (2/2) || Generating Feature #7113
Pack Primary Phases: [4/11] Pack Primary Phases : Packing Features (2/2) || Generating Feature #7114
Pack Primary Phases: [4/11] Pack Primary Phases : Packing Features (2/2) || Generating Feature #7115
Pack Primary Phases: [4/11] Pack Primary Phases : Packing Features (2/2) || Generating Feature #7116
Pack Primary Phases: [4/11] Pack Primary Phases : Packing Features (2/2) || Generating Feature #7117
Pack Primary Phases: [4/11] Pack Primary Phases : Packing Features (2/2) || Generating Feature #7118
Pack Primary Phases: [4/11] Pack Primary Phases : Packing Features (2/2) || Generating Feature #7119
Pack Primary Phases: [4/11] Pack Primary Phases : Packing Features (2/2) || Generating Feature #7120
Pack Primary Phases: [4/11] Pack Primary Phases : Packing Features (2/2) || Generating Feature #7121
Pack Primary Phases: [4/11] Pack Primary Phases : Packing Features (2/2) || Generating Feature #7122
Pack Primary Phases: [4/11] Pack Primary Phases : Packing Features (2/2) || Generating Feature #7123
Pack Primary Phases: [4/11] Pack Primary Phases : Packing Features (2/2) || Generating Feature #7124
Pack Primary Phases: [4/11] Pack Primary Phases : Packing Features (2/2) || Generating Feature #7125
Pack Primary Phases: [4/11] Pack Primary Phases : Packing Features (2/2) || Generating Feature #7126
Pack Primary Phases: [4/11] Pack Primary Phases : Packing Features (2/2) || Generating Feature #7127
Pack Primary Phases: [4/11] Pack Primary Phases : Packing Features (2/2) || Generating Feature #7128
Pack Primary Phases: [4/11] Pack Primary Phases : Packing Features (2/2) || Generating Feature #7129
Pack Primary Phases: [4/11] Pack Primary Phases : Packing Features (2/2) || Generating Feature #7130
Pack Primary Phases: [4/11] Pack Primary Phases : Packing Features (2/2) || Generating Feature #7131
Pack Primary Phases: [4/11] Pack Primary Phases : Packing Features (2/2) || Generating Feature #7132
Pack Primary Phases: [4/11] Pack Primary Phases : Packing Features (2/2) || Generating Feature #7133
Pack Primary Phases: [4/11] Pack Primary Phases : Packing Features (2/2) || Generating Feature #7134
Pack Primary Phases: [4/11] Pack Primary Phases : Packing Features (2/2) || Generating Feature #7135
Pack Primary Phases: [4/11] Pack Primary Phases : Packing Features (2/2) || Generating Feature #7136
Pack Primary Phases: [4/11] Pack Primary Phases : Packing Features (2/2) || Generating Feature #7137
Pack Primary Phases: [4/11] Pack Primary Phases : Packing Features (2/2) || Generating Feature #7138
Pack Primary Phases: [4/11] Pack Primary Phases : Packing Features (2/2) || Generating Feature #7139
Pack Primary Phases: [4/11] Pack Primary Phases : Packing Features (2/2) || Generating Feature #7140
Pack Primary Phases: [4/11] Pack Primary Phases : Packing Features (2/2) || Generating Feature #7141
Pack Primary Phases: [4/11] Pack Primary Phases : Packing Features (2/2) || Generating Feature #7142
Pack Primary Phases: [4/11] Pack Primary Phases : Packing Features (2/2) || Generating Feature #7143
Pack Primary Phases: [4/11] Pack Primary Phases : Packing Features (2/2) || Generating Feature #7144
Pack Primary Phases: [4/11] Pack Primary Phases : Packing Features (2/2) || Generating Feature #7145
Pack Primary Phases: [4/11] Pack Primary Phases : Packing Features (2/2) || Generating Feature #7146
Pack Primary Phases: [4/11] Pack Primary Phases : Packing Features (2/2) || Generating Feature #7147
Pack Primary Phases: [4/11] Pack Primary Phases : Packing Features (2/2) || Generating Feature #7148
Pack Primary Phases: [4/11] Pack Primary Phases : Packing Features (2/2) || Generating Feature #7149
Pack Primary Phases: [4/11] Pack Primary Phases : Packing Features (2/2) || Generating Feature #7150
Pack Primary Phases: [4/11] Pack Primary Phases : Packing Features (2/2) || Generating Feature #7151
Pack Primary Phases: [4/11] Pack Primary Phases : Packing Features (2/2) || Generating Feature #7152
Pack Primary Phases: [4/11] Pack Primary Phases : Packing Features (2/2) || Generating Feature #7153
Pack Primary Phases: [4/11] Pack Primary Phases : Packing Features (2/2) || Generating Feature #7154
Pack Primary Phases: [4/11] Pack Primary Phases : Packing Features (2/2) || Generating Feature #7155
Pack Primary Phases: [4/11] Pack Primary Phases : Packing Features (2/2) || Generating Feature #7156
Pack Primary Phases: [4/11] Pack Primary Phases : Packing Features (2/2) || Generating Feature #7157
Pack Primary Phases: [4/11] Pack Primary Phases : Packing Features (2/2) || Generating Feature #7158
Pack Primary Phases: [4/11] Pack Primary Phases : Packing Features (2/2) || Generating Feature #7159
Pack Primary Phases: [4/11] Pack Primary Phases : Packing Features (2/2) || Generating Feature #7160
Pack Primary Phases: [4/11] Pack Primary Phases : Packing Features (2/2) || Generating Feature #7161
Pack Primary Phases: [4/11] Pack Primary Phases : Packing Features (2/2) || Generating Feature #7162
Pack Primary Phases: [4/11] Pack Primary Phases : Packing Features (2/2) || Generating Feature #7163
Pack Primary Phases: [4/11] Pack Primary Phases : Packing Features (2/2) || Generating Feature #7164
Pack Primary Phases: [4/11] Pack Primary Phases : Packing Features (2/2) || Generating Feature #7165
Pack Primary Phases: [4/11] Pack Primary Phases : Packing Features (2/2) || Generating Feature #7166
Pack Primary Phases: [4/11] Pack Primary Phases : Packing Features (2/2) || Generating Feature #7167
Pack Primary Phases: [4/11] Pack Primary Phases : Packing Features (2/2) || Generating Feature #7168
Pack Primary Phases: [4/11] Pack Primary Phases : Packing Features (2/2) || Generating Feature #7169
Pack Primary Phases: [4/11] Pack Primary Phases : Packing Features (2/2) || Generating Feature #7170
Pack Primary Phases: [4/11] Pack Primary Phases : Packing Features (2/2) || Generating Feature #7171
Pack Primary Phases: [4/11] Pack Primary Phases : Packing Features (2/2) || Generating Feature #7172
Pack Primary Phases: [4/11] Pack Primary Phases : Packing Features (2/2) || Generating Feature #7173
Pack Primary Phases: [4/11] Pack Primary Phases : Packing Features (2/2) || Generating Feature #7174
Pack Primary Phases: [4/11] Pack Primary Phases : Packing Features (2/2) || Generating Feature #7175
Pack Primary Phases: [4/11] Pack Primary Phases : Packing Features (2/2) || Generating Feature #7176
Pack Primary Phases: [4/11] Pack Primary Phases : Packing Features (2/2) || Generating Feature #7177
Pack Primary Phases: [4/11] Pack Primary Phases : Packing Features (2/2) || Generating Feature #7178
Pack Primary Phases: [4/11] Pack Primary Phases : Packing Features (2/2) || Generating Feature #7179
Pack Primary Phases: [4/11] Pack Primary Phases : Packing Features (2/2) || Generating Feature #7180
Pack Primary Phases: [4/11] Pack Primary Phases : Packing Features (2/2) || Generating Feature #7181
Pack Primary Phases: [4/11] Pack Primary Phases : Packing Features (2/2) || Generating Feature #7182
Pack Primary Phases: [4/11] Pack Primary Phases : Packing Features (2/2) || Generating Feature #7183
Pack Primary Phases: [4/11] Pack Primary Phases : Packing Features (2/2) || Generating Feature #7184
Pack Primary Phases: [4/11] Pack Primary Phases : Packing Features (2/2) || Generating Feature #7185
Pack Primary Phases: [4/11] Pack Primary Phases : Packing Features (2/2) || Generating Feature #7186
Pack Primary Phases: [4/11] Pack Primary Phases : Packing Features (2/2) || Generating Feature #7187
Pack Primary Phases: [4/11] Pack Primary Phases : Packing Features (2/2) || Generating Feature #7188
Pack Primary Phases: [4/11] Pack Primary Phases : Packing Features (2/2) || Generating Feature #7189
Pack Primary Phases: [4/11] Pack Primary Phases : Packing Features (2/2) || Generating Feature #7190
Pack Primary Phases: [4/11] Pack Primary Phases : Packing Features (2/2) || Generating Feature #7191
Pack Primary Phases: [4/11] Pack Primary Phases : Packing Features (2/2) || Generating Feature #7192
Pack Primary Phases: [4/11] Pack Primary Phases : Packing Features (2/2) || Generating Feature #7193
Pack Primary Phases: [4/11] Pack Primary Phases : Packing Features (2/2) || Generating Feature #7194
Pack Primary Phases: [4/11] Pack Primary Phases : Packing Features (2/2) || Generating Feature #7195
Pack Primary Phases: [4/11] Pack Primary Phases : Packing Features (2/2) || Generating Feature #7196
Pack Primary Phases: [4/11] Pack Primary Phases : Packing Features (2/2) || Generating Feature #7197
Pack Primary Phases: [4/11] Pack Primary Phases : Packing Features (2/2) || Generating Feature #7198
Pack Primary Phases: [4/11] Pack Primary Phases : Packing Features (2/2) || Generating Feature #7199
Pack Primary Phases: [4/11] Pack Primary Phases : Packing Features (2/2) || Generating Feature #7200
Pack Primary Phases: [4/11] Pack Primary Phases : Packing Features (2/2) || Generating Feature #7201
Pack Primary Phases: [4/11] Pack Primary Phases : Packing Features (2/2) || Generating Feature #7202
Pack Primary Phases: [4/11] Pack Primary Phases : Packing Features (2/2) || Generating Feature #7203
Pack Primary Phases: [4/11] Pack Primary Phases : Packing Features (2/2) || Generating Feature #7204
Pack Primary Phases: [4/11] Pack Primary Phases : Packing Features (2/2) || Generating Feature #7205
Pack Primary Phases: [4/11] Pack Primary Phases : Packing Features (2/2) || Generating Feature #7206
Pack Primary Phases: [4/11] Pack Primary Phases : Packing Features (2/2) || Generating Feature #7207
Pack Primary Phases: [4/11] Pack Primary Phases : Packing Features (2/2) || Generating Feature #7208
Pack Primary Phases: [4/11] Pack Primary Phases : Packing Features (2/2) || Generating Feature #7209
Pack Primary Phases: [4/11] Pack Primary Phases : Packing Features (2/2) || Generating Feature #7210
Pack Primary Phases: [4/11] Pack Primary Phases : Packing Features (2/2) || Generating Feature #7211
Pack Primary Phases: [4/11] Pack Primary Phases : Packing Features (2/2) || Generating Feature #7212
Pack Primary Phases: [4/11] Pack Primary Phases : Packing Features (2/2) || Generating Feature #7213
Pack Primary Phases: [4/11] Pack Primary Phases : Packing Features (2/2) || Generating Feature #7214
Pack Primary Phases: [4/11] Pack Primary Phases : Packing Features (2/2) || Generating Feature #7215
Pack Primary Phases: [4/11] Pack Primary Phases : Packing Features (2/2) || Generating Feature #7216
Pack Primary Phases: [4/11] Pack Primary Phases : Packing Features (2/2) || Generating Feature #7217
Pack Primary Phases: [4/11] Pack Primary Phases : Packing Features (2/2) || Generating Feature #7218
Pack Primary Phases: [4/11] Pack Primary Phases : Packing Features (2/2) || Generating Feature #7219
Pack Primary Phases: [4/11] Pack Primary Phases : Packing Features (2/2) || Generating Feature #7220
Pack Primary Phases: [4/11] Pack Primary Phases : Packing Features (2/2) || Generating Feature #7221
Pack Primary Phases: [4/11] Pack Primary Phases : Packing Features (2/2) || Generating Feature #7222
Pack Primary Phases: [4/11] Pack Primary Phases : Packing Features (2/2) || Generating Feature #7223
Pack Primary Phases: [4/11] Pack Primary Phases : Packing Features (2/2) || Generating Feature #7224
Pack Primary Phases: [4/11] Pack Primary Phases : Packing Features (2/2) || Generating Feature #7225
Pack Primary Phases: [4/11] Pack Primary Phases : Packing Features (2/2) || Generating Feature #7226
Pack Primary Phases: [4/11] Pack Primary Phases : Packing Features (2/2) || Generating Feature #7227
Pack Primary Phases: [4/11] Pack Primary Phases : Packing Features (2/2) || Generating Feature #7228
Pack Primary Phases: [4/11] Pack Primary Phases : Packing Features (2/2) || Generating Feature #7229
Pack Primary Phases: [4/11] Pack Primary Phases : Packing Features (2/2) || Generating Feature #7230
Pack Primary Phases: [4/11] Pack Primary Phases : Packing Features (2/2) || Generating Feature #7231
Pack Primary Phases: [4/11] Pack Primary Phases : Packing Features (2/2) || Generating Feature #7232
Pack Primary Phases: [4/11] Pack Primary Phases : Packing Features (2/2) || Generating Feature #7233
Pack Primary Phases: [4/11] Pack Primary Phases : Packing Features (2/2) || Generating Feature #7234
Pack Primary Phases: [4/11] Pack Primary Phases : Packing Features (2/2) || Generating Feature #7235
Pack Primary Phases: [4/11] Pack Primary Phases : Packing Features (2/2) || Generating Feature #7236
Pack Primary Phases: [4/11] Pack Primary Phases : Packing Features (2/2) || Generating Feature #7237
Pack Primary Phases: [4/11] Pack Primary Phases : Packing Features (2/2) || Generating Feature #7238
Pack Primary Phases: [4/11] Pack Primary Phases : Packing Features (2/2) || Generating Feature #7239
Pack Primary Phases: [4/11] Pack Primary Phases : Packing Features (2/2) || Generating Feature #7240
Pack Primary Phases: [4/11] Pack Primary Phases : Packing Features (2/2) || Generating Feature #7241
Pack Primary Phases: [4/11] Pack Primary Phases : Packing Features (2/2) || Generating Feature #7242
Pack Primary Phases: [4/11] Pack Primary Phases : Packing Features (2/2) || Generating Feature #7243
Pack Primary Phases: [4/11] Pack Primary Phases : Packing Features (2/2) || Generating Feature #7244
Pack Primary Phases: [4/11] Pack Primary Phases : Packing Features (2/2) || Generating Feature #7245
Pack Primary Phases: [4/11] Pack Primary Phases : Packing Features (2/2) || Generating Feature #7246
Pack Primary Phases: [4/11] Pack Primary Phases : Packing Features (2/2) || Generating Feature #7247
Pack Primary Phases: [4/11] Pack Primary Phases : Packing Features (2/2) || Generating Feature #7248
Pack Primary Phases: [4/11] Pack Primary Phases : Packing Features (2/2) || Generating Feature #7249
Pack Primary Phases: [4/11] Pack Primary Phases : Packing Features (2/2) || Generating Feature #7250
Pack Primary Phases: [4/11] Pack Primary Phases : Packing Features (2/2) || Generating Feature #7251
Pack Primary Phases: [4/11] Pack Primary Phases : Packing Features (2/2) || Generating Feature #7252
Pack Primary Phases: [4/11] Pack Primary Phases : Packing Features (2/2) || Generating Feature #7253
Pack Primary Phases: [4/11] Pack Primary Phases : Packing Features (2/2) || Generating Feature #7254
Pack Primary Phases: [4/11] Pack Primary Phases : Packing Features (2/2) || Generating Feature #7255
Pack Primary Phases: [4/11] Pack Primary Phases : Packing Features (2/2) || Generating Feature #7256
Pack Primary Phases: [4/11] Pack Primary Phases : Packing Features (2/2) || Generating Feature #7257
Pack Primary Phases: [4/11] Pack Primary Phases : Packing Features (2/2) || Generating Feature #7258
Pack Primary Phases: [4/11] Pack Primary Phases : Packing Features (2/2) || Generating Feature #7259
Pack Primary Phases: [4/11] Pack Primary Phases : Packing Features (2/2) || Generating Feature #7260
Pack Primary Phases: [4/11] Pack Primary Phases : Packing Features (2/2) || Generating Feature #7261
Pack Primary Phases: [4/11] Pack Primary Phases : Packing Features (2/2) || Generating Feature #7262
Pack Primary Phases: [4/11] Pack Primary Phases : Packing Features (2/2) || Generating Feature #7263
Pack Primary Phases: [4/11] Pack Primary Phases : Packing Features (2/2) || Generating Feature #7264
Pack Primary Phases: [4/11] Pack Primary Phases : Packing Features (2/2) || Generating Feature #7265
Pack Primary Phases: [4/11] Pack Primary Phases : Packing Features (2/2) || Generating Feature #7266
Pack Primary Phases: [4/11] Pack Primary Phases : Packing Features (2/2) || Generating Feature #7267
Pack Primary Phases: [4/11] Pack Primary Phases : Packing Features (2/2) || Generating Feature #7268
Pack Primary Phases: [4/11] Pack Primary Phases : Packing Features (2/2) || Generating Feature #7269
Pack Primary Phases: [4/11] Pack Primary Phases : Packing Features (2/2) || Generating Feature #7270
Pack Primary Phases: [4/11] Pack Primary Phases : Packing Features (2/2) || Generating Feature #7271
Pack Primary Phases: [4/11] Pack Primary Phases : Packing Features (2/2) || Generating Feature #7272
Pack Primary Phases: [4/11] Pack Primary Phases : Packing Features (2/2) || Generating Feature #7273
Pack Primary Phases: [4/11] Pack Primary Phases : Packing Features (2/2) || Generating Feature #7274
Pack Primary Phases: [4/11] Pack Primary Phases : Packing Features (2/2) || Generating Feature #7275
Pack Primary Phases: [4/11] Pack Primary Phases : Packing Features (2/2) || Generating Feature #7276
Pack Primary Phases: [4/11] Pack Primary Phases : Packing Features (2/2) || Generating Feature #7277
Pack Primary Phases: [4/11] Pack Primary Phases : Packing Features (2/2) || Generating Feature #7278
Pack Primary Phases: [4/11] Pack Primary Phases : Packing Features (2/2) || Generating Feature #7279
Pack Primary Phases: [4/11] Pack Primary Phases : Packing Features (2/2) || Generating Feature #7280
Pack Primary Phases: [4/11] Pack Primary Phases : Packing Features (2/2) || Generating Feature #7281
Pack Primary Phases: [4/11] Pack Primary Phases : Packing Features (2/2) || Generating Feature #7282
Pack Primary Phases: [4/11] Pack Primary Phases : Packing Features (2/2) || Generating Feature #7283
Pack Primary Phases: [4/11] Pack Primary Phases : Packing Features (2/2) || Generating Feature #7284
Pack Primary Phases: [4/11] Pack Primary Phases : Packing Features (2/2) || Generating Feature #7285
Pack Primary Phases: [4/11] Pack Primary Phases : Packing Features (2/2) || Generating Feature #7286
Pack Primary Phases: [4/11] Pack Primary Phases : Packing Features (2/2) || Generating Feature #7287
Pack Primary Phases: [4/11] Pack Primary Phases : Packing Features (2/2) || Generating Feature #7288
Pack Primary Phases: [4/11] Pack Primary Phases : Packing Features (2/2) || Generating Feature #7289
Pack Primary Phases: [4/11] Pack Primary Phases : Packing Features (2/2) || Generating Feature #7290
Pack Primary Phases: [4/11] Pack Primary Phases : Packing Features (2/2) || Generating Feature #7291
Pack Primary Phases: [4/11] Pack Primary Phases : Packing Features (2/2) || Generating Feature #7292
Pack Primary Phases: [4/11] Pack Primary Phases : Packing Features (2/2) || Generating Feature #7293
Pack Primary Phases: [4/11] Pack Primary Phases : Packing Features (2/2) || Generating Feature #7294
Pack Primary Phases: [4/11] Pack Primary Phases : Packing Features (2/2) || Generating Feature #7295
Pack Primary Phases: [4/11] Pack Primary Phases : Packing Features (2/2) || Generating Feature #7296
Pack Primary Phases: [4/11] Pack Primary Phases : Packing Features (2/2) || Generating Feature #7297
Pack Primary Phases: [4/11] Pack Primary Phases : Packing Features (2/2) || Generating Feature #7298
Pack Primary Phases: [4/11] Pack Primary Phases : Packing Features (2/2) || Generating Feature #7299
Pack Primary Phases: [4/11] Pack Primary Phases : Packing Features (2/2) || Generating Feature #7300
Pack Primary Phases: [4/11] Pack Primary Phases : Packing Features (2/2) || Generating Feature #7301
Pack Primary Phases: [4/11] Pack Primary Phases : Packing Features (2/2) || Generating Feature #7302
Pack Primary Phases: [4/11] Pack Primary Phases : Packing Features (2/2) || Generating Feature #7303
Pack Primary Phases: [4/11] Pack Primary Phases : Packing Features (2/2) || Generating Feature #7304
Pack Primary Phases: [4/11] Pack Primary Phases : Packing Features (2/2) || Generating Feature #7305
Pack Primary Phases: [4/11] Pack Primary Phases : Packing Features (2/2) || Generating Feature #7306
Pack Primary Phases: [4/11] Pack Primary Phases : Packing Features (2/2) || Generating Feature #7307
Pack Primary Phases: [4/11] Pack Primary Phases : Packing Features (2/2) || Generating Feature #7308
Pack Primary Phases: [4/11] Pack Primary Phases : Packing Features (2/2) || Generating Feature #7309
Pack Primary Phases: [4/11] Pack Primary Phases : Packing Features (2/2) || Generating Feature #7310
Pack Primary Phases: [4/11] Pack Primary Phases : Packing Features (2/2) || Generating Feature #7311
Pack Primary Phases: [4/11] Pack Primary Phases : Packing Features (2/2) || Generating Feature #7312
Pack Primary Phases: [4/11] Pack Primary Phases : Packing Features (2/2) || Generating Feature #7313
Pack Primary Phases: [4/11] Pack Primary Phases : Packing Features (2/2) || Generating Feature #7314
Pack Primary Phases: [4/11] Pack Primary Phases : Packing Features (2/2) || Generating Feature #7315
Pack Primary Phases: [4/11] Pack Primary Phases : Packing Features (2/2) || Generating Feature #7316
Pack Primary Phases: [4/11] Pack Primary Phases : Packing Features (2/2) || Generating Feature #7317
Pack Primary Phases: [4/11] Pack Primary Phases : Packing Features (2/2) || Generating Feature #7318
Pack Primary Phases: [4/11] Pack Primary Phases : Packing Features (2/2) || Generating Feature #7319
Pack Primary Phases: [4/11] Pack Primary Phases : Packing Features (2/2) || Generating Feature #7320
Pack Primary Phases: [4/11] Pack Primary Phases : Packing Features (2/2) || Generating Feature #7321
Pack Primary Phases: [4/11] Pack Primary Phases : Packing Features (2/2) || Generating Feature #7322
Pack Primary Phases: [4/11] Pack Primary Phases : Packing Features (2/2) || Generating Feature #7323
Pack Primary Phases: [4/11] Pack Primary Phases : Packing Features (2/2) || Generating Feature #7324
Pack Primary Phases: [4/11] Pack Primary Phases : Packing Features (2/2) || Generating Feature #7325
Pack Primary Phases: [4/11] Pack Primary Phases : Packing Features (2/2) || Generating Feature #7326
Pack Primary Phases: [4/11] Pack Primary Phases : Packing Features (2/2) || Generating Feature #7327
Pack Primary Phases: [4/11] Pack Primary Phases : Packing Features (2/2) || Generating Feature #7328
Pack Primary Phases: [4/11] Pack Primary Phases : Packing Features (2/2) || Generating Feature #7329
Pack Primary Phases: [4/11] Pack Primary Phases : Packing Features (2/2) || Generating Feature #7330
Pack Primary Phases: [4/11] Pack Primary Phases : Packing Features (2/2) || Generating Feature #7331
Pack Primary Phases: [4/11] Pack Primary Phases : Packing Features (2/2) || Generating Feature #7332
Pack Primary Phases: [4/11] Pack Primary Phases : Packing Features (2/2) || Generating Feature #7333
Pack Primary Phases: [4/11] Pack Primary Phases : Packing Features (2/2) || Generating Feature #7334
Pack Primary Phases: [4/11] Pack Primary Phases : Packing Features (2/2) || Generating Feature #7335
Pack Primary Phases: [4/11] Pack Primary Phases : Packing Features (2/2) || Generating Feature #7336
Pack Primary Phases: [4/11] Pack Primary Phases : Packing Features (2/2) || Generating Feature #7337
Pack Primary Phases: [4/11] Pack Primary Phases : Packing Features (2/2) || Generating Feature #7338
Pack Primary Phases: [4/11] Pack Primary Phases : Packing Features (2/2) || Generating Feature #7339
Pack Primary Phases: [4/11] Pack Primary Phases : Packing Features (2/2) || Generating Feature #7340
Pack Primary Phases: [4/11] Pack Primary Phases : Packing Features (2/2) || Generating Feature #7341
Pack Primary Phases: [4/11] Pack Primary Phases : Packing Features (2/2) || Generating Feature #7342
Pack Primary Phases: [4/11] Pack Primary Phases : Packing Features (2/2) || Generating Feature #7343
Pack Primary Phases: [4/11] Pack Primary Phases : Packing Features (2/2) || Generating Feature #7344
Pack Primary Phases: [4/11] Pack Primary Phases : Packing Features (2/2) || Generating Feature #7345
Pack Primary Phases: [4/11] Pack Primary Phases : Packing Features (2/2) || Generating Feature #7346
Pack Primary Phases: [4/11] Pack Primary Phases : Packing Features (2/2) || Generating Feature #7347
Pack Primary Phases: [4/11] Pack Primary Phases : Packing Features (2/2) || Generating Feature #7348
Pack Primary Phases: [4/11] Pack Primary Phases : Packing Features (2/2) || Generating Feature #7349
Pack Primary Phases: [4/11] Pack Primary Phases : Packing Features (2/2) || Generating Feature #7350
Pack Primary Phases: [4/11] Pack Primary Phases : Packing Features (2/2) || Generating Feature #7351
Pack Primary Phases: [4/11] Pack Primary Phases : Packing Features (2/2) || Generating Feature #7352
Pack Primary Phases: [4/11] Pack Primary Phases : Packing Features (2/2) || Generating Feature #7353
Pack Primary Phases: [4/11] Pack Primary Phases : Packing Features (2/2) || Generating Feature #7354
Pack Primary Phases: [4/11] Pack Primary Phases : Packing Features (2/2) || Generating Feature #7355
Pack Primary Phases: [4/11] Pack Primary Phases : Packing Features (2/2) || Generating Feature #7356
Pack Primary Phases: [4/11] Pack Primary Phases : Packing Features (2/2) || Generating Feature #7357
Pack Primary Phases: [4/11] Pack Primary Phases : Packing Features (2/2) || Generating Feature #7358
Pack Primary Phases: [4/11] Pack Primary Phases : Packing Features (2/2) || Generating Feature #7359
Pack Primary Phases: [4/11] Pack Primary Phases : Packing Features (2/2) || Generating Feature #7360
Pack Primary Phases: [4/11] Pack Primary Phases : Packing Features (2/2) || Generating Feature #7361
Pack Primary Phases: [4/11] Pack Primary Phases : Packing Features (2/2) || Generating Feature #7362
Pack Primary Phases: [4/11] Pack Primary Phases : Packing Features (2/2) || Generating Feature #7363
Pack Primary Phases: [4/11] Pack Primary Phases : Packing Features (2/2) || Generating Feature #7364
Pack Primary Phases: [4/11] Pack Primary Phases : Packing Features (2/2) || Generating Feature #7365
Pack Primary Phases: [4/11] Pack Primary Phases : Packing Features (2/2) || Generating Feature #7366
Pack Primary Phases: [4/11] Pack Primary Phases : Packing Features (2/2) || Generating Feature #7367
Pack Primary Phases: [4/11] Pack Primary Phases : Packing Features (2/2) || Generating Feature #7368
Pack Primary Phases: [4/11] Pack Primary Phases : Packing Features (2/2) || Generating Feature #7369
Pack Primary Phases: [4/11] Pack Primary Phases : Packing Features (2/2) || Generating Feature #7370
Pack Primary Phases: [4/11] Pack Primary Phases : Packing Features (2/2) || Generating Feature #7371
Pack Primary Phases: [4/11] Pack Primary Phases : Packing Features (2/2) || Generating Feature #7372
Pack Primary Phases: [4/11] Pack Primary Phases : Packing Features (2/2) || Generating Feature #7373
Pack Primary Phases: [4/11] Pack Primary Phases : Packing Features (2/2) || Generating Feature #7374
Pack Primary Phases: [4/11] Pack Primary Phases : Packing Features (2/2) || Generating Feature #7375
Pack Primary Phases: [4/11] Pack Primary Phases : Packing Features (2/2) || Generating Feature #7376
Pack Primary Phases: [4/11] Pack Primary Phases : Packing Features (2/2) || Generating Feature #7377
Pack Primary Phases: [4/11] Pack Primary Phases : Packing Features (2/2) || Generating Feature #7378
Pack Primary Phases: [4/11] Pack Primary Phases : Packing Features (2/2) || Generating Feature #7379
Pack Primary Phases: [4/11] Pack Primary Phases : Packing Features (2/2) || Generating Feature #7380
Pack Primary Phases: [4/11] Pack Primary Phases : Packing Features (2/2) || Generating Feature #7381
Pack Primary Phases: [4/11] Pack Primary Phases : Packing Features (2/2) || Generating Feature #7382
Pack Primary Phases: [4/11] Pack Primary Phases : Packing Features (2/2) || Generating Feature #7383
Pack Primary Phases: [4/11] Pack Primary Phases : Packing Features (2/2) || Generating Feature #7384
Pack Primary Phases: [4/11] Pack Primary Phases : Packing Features (2/2) || Generating Feature #7385
Pack Primary Phases: [4/11] Pack Primary Phases : Packing Features (2/2) || Generating Feature #7386
Pack Primary Phases: [4/11] Pack Primary Phases : Packing Features (2/2) || Generating Feature #7387
Pack Primary Phases: [4/11] Pack Primary Phases : Packing Features (2/2) || Generating Feature #7388
Pack Primary Phases: [4/11] Pack Primary Phases : Packing Features (2/2) || Generating Feature #7389
Pack Primary Phases: [4/11] Pack Primary Phases : Packing Features (2/2) || Generating Feature #7390
Pack Primary Phases: [4/11] Pack Primary Phases : Packing Features || Starting Feature Placement...
Pack Primary Phases: [4/11] Pack Primary Phases : Placing Feature #74/7391
Pack Primary Phases: [4/11] Pack Primary Phases : Placing Feature #148/7391
Pack Primary Phases: [4/11] Pack Primary Phases : Placing Feature #222/7391
Pack Primary Phases: [4/11] Pack Primary Phases : Placing Feature #296/7391
Pack Primary Phases: [4/11] Pack Primary Phases : Placing Feature #370/7391
Pack Primary Phases: [4/11] Pack Primary Phases : Placing Feature #444/7391
Pack Primary Phases: [4/11] Pack Primary Phases : Placing Feature #518/7391
Pack Primary Phases: [4/11] Pack Primary Phases : Placing Feature #592/7391
Pack Primary Phases: [4/11] Pack Primary Phases : Placing Feature #666/7391
Pack Primary Phases: [4/11] Pack Primary Phases : Placing Feature #740/7391
Pack Primary Phases: [4/11] Pack Primary Phases : Placing Feature #814/7391
Pack Primary Phases: [4/11] Pack Primary Phases : Placing Feature #888/7391
Pack Primary Phases: [4/11] Pack Primary Phases : Placing Feature #962/7391
Pack Primary Phases: [4/11] Pack Primary Phases : Placing Feature #1036/7391
Pack Primary Phases: [4/11] Pack Primary Phases : Placing Feature #1110/7391
Pack Primary Phases: [4/11] Pack Primary Phases : Placing Feature #1184/7391
Pack Primary Phases: [4/11] Pack Primary Phases : Placing Feature #1258/7391
Pack Primary Phases: [4/11] Pack Primary Phases : Placing Feature #1332/7391
Pack Primary Phases: [4/11] Pack Primary Phases : Placing Feature #1406/7391
Pack Primary Phases: [4/11] Pack Primary Phases : Placing Feature #1480/7391
Pack Primary Phases: [4/11] Pack Primary Phases : Placing Feature #1554/7391
Pack Primary Phases: [4/11] Pack Primary Phases : Placing Feature #1628/7391
Pack Primary Phases: [4/11] Pack Primary Phases : Placing Feature #1702/7391
Pack Primary Phases: [4/11] Pack Primary Phases : Placing Feature #1776/7391
Pack Primary Phases: [4/11] Pack Primary Phases : Placing Feature #1850/7391
Pack Primary Phases: [4/11] Pack Primary Phases : Placing Feature #1924/7391
Pack Primary Phases: [4/11] Pack Primary Phases : Placing Feature #1998/7391
Pack Primary Phases: [4/11] Pack Primary Phases : Placing Feature #2072/7391
Pack Primary Phases: [4/11] Pack Primary Phases : Placing Feature #2146/7391
Pack Primary Phases: [4/11] Pack Primary Phases : Placing Feature #2220/7391
Pack Primary Phases: [4/11] Pack Primary Phases : Placing Feature #2294/7391
Pack Primary Phases: [4/11] Pack Primary Phases : Placing Feature #2368/7391
Pack Primary Phases: [4/11] Pack Primary Phases : Placing Feature #2442/7391
Pack Primary Phases: [4/11] Pack Primary Phases : Placing Feature #2516/7391
Pack Primary Phases: [4/11] Pack Primary Phases : Placing Feature #2590/7391
Pack Primary Phases: [4/11] Pack Primary Phases : Placing Feature #2664/7391
Pack Primary Phases: [4/11] Pack Primary Phases : Placing Feature #2738/7391
Pack Primary Phases: [4/11] Pack Primary Phases : Placing Feature #2812/7391
Pack Primary Phases: [4/11] Pack Primary Phases : Placing Feature #2886/7391
Pack Primary Phases: [4/11] Pack Primary Phases : Placing Feature #2960/7391
Pack Primary Phases: [4/11] Pack Primary Phases : Placing Feature #3034/7391
Pack Primary Phases: [4/11] Pack Primary Phases : Placing Feature #3108/7391
Pack Primary Phases: [4/11] Pack Primary Phases : Placing Feature #3182/7391
Pack Primary Phases: [4/11] Pack Primary Phases : Placing Feature #3256/7391
Pack Primary Phases: [4/11] Pack Primary Phases : Placing Feature #3330/7391
Pack Primary Phases: [4/11] Pack Primary Phases : Placing Feature #3404/7391
Pack Primary Phases: [4/11] Pack Primary Phases : Placing Feature #3478/7391
Pack Primary Phases: [4/11] Pack Primary Phases : Placing Feature #3552/7391
Pack Primary Phases: [4/11] Pack Primary Phases : Placing Feature #3626/7391
Pack Primary Phases: [4/11] Pack Primary Phases : Placing Feature #3700/7391
Pack Primary Phases: [4/11] Pack Primary Phases : Placing Feature #3774/7391
Pack Primary Phases: [4/11] Pack Primary Phases : Placing Feature #3848/7391
Pack Primary Phases: [4/11] Pack Primary Phases : Placing Feature #3922/7391
Pack Primary Phases: [4/11] Pack Primary Phases : Placing Feature #3996/7391
Pack Primary Phases: [4/11] Pack Primary Phases : Placing Feature #4070/7391
Pack Primary Phases: [4/11] Pack Primary Phases : Placing Feature #4144/7391
Pack Primary Phases: [4/11] Pack Primary Phases : Placing Feature #4218/7391
Pack Primary Phases: [4/11] Pack Primary Phases : Placing Feature #4292/7391
Pack Primary Phases: [4/11] Pack Primary Phases : Placing Feature #4366/7391
Pack Primary Phases: [4/11] Pack Primary Phases : Placing Feature #4440/7391
Pack Primary Phases: [4/11] Pack Primary Phases : Placing Feature #4514/7391
Pack Primary Phases: [4/11] Pack Primary Phases : Placing Feature #4588/7391
Pack Primary Phases: [4/11] Pack Primary Phases : Placing Feature #4662/7391
Pack Primary Phases: [4/11] Pack Primary Phases : Placing Feature #4736/7391
Pack Primary Phases: [4/11] Pack Primary Phases : Placing Feature #4810/7391
Pack Primary Phases: [4/11] Pack Primary Phases : Placing Feature #4884/7391
Pack Primary Phases: [4/11] Pack Primary Phases : Placing Feature #4958/7391
Pack Primary Phases: [4/11] Pack Primary Phases : Placing Feature #5032/7391
Pack Primary Phases: [4/11] Pack Primary Phases : Placing Feature #5106/7391
Pack Primary Phases: [4/11] Pack Primary Phases : Placing Feature #5180/7391
Pack Primary Phases: [4/11] Pack Primary Phases : Placing Feature #5254/7391
Pack Primary Phases: [4/11] Pack Primary Phases : Placing Feature #5328/7391
Pack Primary Phases: [4/11] Pack Primary Phases : Placing Feature #5402/7391
Pack Primary Phases: [4/11] Pack Primary Phases : Placing Feature #5476/7391
Pack Primary Phases: [4/11] Pack Primary Phases : Placing Feature #5550/7391
Pack Primary Phases: [4/11] Pack Primary Phases : Placing Feature #5624/7391
Pack Primary Phases: [4/11] Pack Primary Phases : Placing Feature #5698/7391
Pack Primary Phases: [4/11] Pack Primary Phases : Placing Feature #5772/7391
Pack Primary Phases: [4/11] Pack Primary Phases : Placing Feature #5846/7391
Pack Primary Phases: [4/11] Pack Primary Phases : Placing Feature #5920/7391
Pack Primary Phases: [4/11] Pack Primary Phases : Placing Feature #5994/7391
Pack Primary Phases: [4/11] Pack Primary Phases : Placing Feature #6068/7391
Pack Primary Phases: [4/11] Pack Primary Phases : Placing Feature #6142/7391
Pack Primary Phases: [4/11] Pack Primary Phases : Placing Feature #6216/7391
Pack Primary Phases: [4/11] Pack Primary Phases : Placing Feature #6290/7391
Pack Primary Phases: [4/11] Pack Primary Phases : Placing Feature #6364/7391
Pack Primary Phases: [4/11] Pack Primary Phases : Placing Feature #6438/7391
Pack Primary Phases: [4/11] Pack Primary Phases : Placing Feature #6512/7391
Pack Primary Phases: [4/11] Pack Primary Phases : Placing Feature #6586/7391
Pack Primary Phases: [4/11] Pack Primary Phases : Placing Feature #6660/7391
Pack Primary Phases: [4/11] Pack Primary Phases : Placing Feature #6734/7391
Pack Primary Phases: [4/11] Pack Primary Phases : Placing Feature #6808/7391
Pack Primary Phases: [4/11] Pack Primary Phases : Placing Feature #6882/7391
Pack Primary Phases: [4/11] Pack Primary Phases : Placing Feature #6956/7391
Pack Primary Phases: [4/11] Pack Primary Phases : Placing Feature #7030/7391
Pack Primary Phases: [4/11] Pack Primary Phases : Placing Feature #7104/7391
Pack Primary Phases: [4/11] Pack Primary Phases : Placing Feature #7178/7391
Pack Primary Phases: [4/11] Pack Primary Phases : Placing Feature #7252/7391
Pack Primary Phases: [4/11] Pack Primary Phases : Placing Feature #7326/7391
Pack Primary Phases: [4/11] Pack Primary Phases : Placing Feature #7391/7391
Pack Primary Phases: [4/11] Pack Primary Phases : Swapping/Moving/Adding/Removing Features Iteration 9160/739000 || Est. Time Remain: 00:01:19 || Iterations/Sec: 9150.85
Pack Primary Phases: [4/11] Pack Primary Phases : Swapping/Moving/Adding/Removing Features Iteration 17666/739000 || Est. Time Remain: 00:01:21 || Iterations/Sec: 8824.18
Pack Primary Phases: [4/11] Pack Primary Phases : Swapping/Moving/Adding/Removing Features Iteration 26086/739000 || Est. Time Remain: 00:01:22 || Iterations/Sec: 8686.65
Pack Primary Phases: [4/11] Pack Primary Phases : Swapping/Moving/Adding/Removing Features Iteration 34633/739000 || Est. Time Remain: 00:01:21 || Iterations/Sec: 8649.6
Pack Primary Phases: [4/11] Pack Primary Phases : Swapping/Moving/Adding/Removing Features Iteration 43153/739000 || Est. Time Remain: 00:01:20 || Iterations/Sec: 8621.98
Pack Primary Phases: [4/11] Pack Primary Phases : Swapping/Moving/Adding/Removing Features Iteration 51674/739000 || Est. Time Remain: 00:01:19 || Iterations/Sec: 8603.73
Pack Primary Phases: [4/11] Pack Primary Phases : Swapping/Moving/Adding/Removing Features Iteration 60202/739000 || Est. Time Remain: 00:01:19 || Iterations/Sec: 8591.69
Pack Primary Phases: [4/11] Pack Primary Phases : Swapping/Moving/Adding/Removing Features Iteration 68719/739000 || Est. Time Remain: 00:01:18 || Iterations/Sec: 8581.29
Pack Primary Phases: [4/11] Pack Primary Phases : Swapping/Moving/Adding/Removing Features Iteration 77222/739000 || Est. Time Remain: 00:01:17 || Iterations/Sec: 8571.65
Pack Primary Phases: [4/11] Pack Primary Phases : Swapping/Moving/Adding/Removing Features Iteration 85705/739000 || Est. Time Remain: 00:01:16 || Iterations/Sec: 8561.94
Pack Primary Phases: [4/11] Pack Primary Phases : Swapping/Moving/Adding/Removing Features Iteration 94196/739000 || Est. Time Remain: 00:01:15 || Iterations/Sec: 8554.72
Pack Primary Phases: [4/11] Pack Primary Phases : Swapping/Moving/Adding/Removing Features Iteration 102687/739000 || Est. Time Remain: 00:01:14 || Iterations/Sec: 8548.7
Pack Primary Phases: [4/11] Pack Primary Phases : Swapping/Moving/Adding/Removing Features Iteration 111181/739000 || Est. Time Remain: 00:01:13 || Iterations/Sec: 8543.84
Pack Primary Phases: [4/11] Pack Primary Phases : Swapping/Moving/Adding/Removing Features Iteration 119675/739000 || Est. Time Remain: 00:01:12 || Iterations/Sec: 8539.67
Pack Primary Phases: [4/11] Pack Primary Phases : Swapping/Moving/Adding/Removing Features Iteration 128005/739000 || Est. Time Remain: 00:01:11 || Iterations/Sec: 8525.14
Pack Primary Phases: [4/11] Pack Primary Phases : Swapping/Moving/Adding/Removing Features Iteration 134252/739000 || Est. Time Remain: 00:01:12 || Iterations/Sec: 8382.37
Pack Primary Phases: [4/11] Pack Primary Phases : Swapping/Moving/Adding/Removing Features Iteration 140488/739000 || Est. Time Remain: 00:01:12 || Iterations/Sec: 8255.74
Pack Primary Phases: [4/11] Pack Primary Phases : Swapping/Moving/Adding/Removing Features Iteration 146687/739000 || Est. Time Remain: 00:01:12 || Iterations/Sec: 8141.14
Pack Primary Phases: [4/11] Pack Primary Phases : Swapping/Moving/Adding/Removing Features Iteration 152955/739000 || Est. Time Remain: 00:01:12 || Iterations/Sec: 8042.22
Pack Primary Phases: [4/11] Pack Primary Phases : Swapping/Moving/Adding/Removing Features Iteration 159209/739000 || Est. Time Remain: 00:01:12 || Iterations/Sec: 7952.5
Pack Primary Phases: [4/11] Pack Primary Phases : Swapping/Moving/Adding/Removing Features Iteration 165464/739000 || Est. Time Remain: 00:01:12 || Iterations/Sec: 7871.37
Pack Primary Phases: [4/11] Pack Primary Phases : Swapping/Moving/Adding/Removing Features Iteration 171721/739000 || Est. Time Remain: 00:01:12 || Iterations/Sec: 7797.7
Pack Primary Phases: [4/11] Pack Primary Phases : Swapping/Moving/Adding/Removing Features Iteration 177955/739000 || Est. Time Remain: 00:01:12 || Iterations/Sec: 7729.44
Pack Primary Phases: [4/11] Pack Primary Phases : Swapping/Moving/Adding/Removing Features Iteration 184219/739000 || Est. Time Remain: 00:01:12 || Iterations/Sec: 7668.12
Pack Primary Phases: [4/11] Pack Primary Phases : Swapping/Moving/Adding/Removing Features Iteration 190459/739000 || Est. Time Remain: 00:01:12 || Iterations/Sec: 7610.75
Pack Primary Phases: [4/11] Pack Primary Phases : Swapping/Moving/Adding/Removing Features Iteration 196694/739000 || Est. Time Remain: 00:01:11 || Iterations/Sec: 7557.6
Pack Primary Phases: [4/11] Pack Primary Phases : Swapping/Moving/Adding/Removing Features Iteration 202939/739000 || Est. Time Remain: 00:01:11 || Iterations/Sec: 7508.75
Pack Primary Phases: [4/11] Pack Primary Phases : Swapping/Moving/Adding/Removing Features Iteration 209178/739000 || Est. Time Remain: 00:01:10 || Iterations/Sec: 7463.18
Pack Primary Phases: [4/11] Pack Primary Phases : Swapping/Moving/Adding/Removing Features Iteration 215406/739000 || Est. Time Remain: 00:01:10 || Iterations/Sec: 7420.37
Pack Primary Phases: [4/11] Pack Primary Phases : Swapping/Moving/Adding/Removing Features Iteration 221633/739000 || Est. Time Remain: 00:01:10 || Iterations/Sec: 7380.39
Pack Primary Phases: [4/11] Pack Primary Phases : Swapping/Moving/Adding/Removing Features Iteration 227867/739000 || Est. Time Remain: 00:01:09 || Iterations/Sec: 7343.21
Pack Primary Phases: [4/11] Pack Primary Phases : Swapping/Moving/Adding/Removing Features Iteration 234083/739000 || Est. Time Remain: 00:01:09 || Iterations/Sec: 7307.79
Pack Primary Phases: [4/11] Pack Primary Phases : Swapping/Moving/Adding/Removing Features Iteration 240330/739000 || Est. Time Remain: 00:01:08 || Iterations/Sec: 7275.45
Pack Primary Phases: [4/11] Pack Primary Phases : Swapping/Moving/Adding/Removing Features Iteration 246588/739000 || Est. Time Remain: 00:01:07 || Iterations/Sec: 7245.34
Pack Primary Phases: [4/11] Pack Primary Phases : Swapping/Moving/Adding/Removing Features Iteration 252827/739000 || Est. Time Remain: 00:01:07 || Iterations/Sec: 7216.41
Pack Primary Phases: [4/11] Pack Primary Phases : Swapping/Moving/Adding/Removing Features Iteration 259059/739000 || Est. Time Remain: 00:01:06 || Iterations/Sec: 7188.89
Pack Primary Phases: [4/11] Pack Primary Phases : Swapping/Moving/Adding/Removing Features Iteration 265294/739000 || Est. Time Remain: 00:01:06 || Iterations/Sec: 7162.95
Pack Primary Phases: [4/11] Pack Primary Phases : Swapping/Moving/Adding/Removing Features Iteration 271533/739000 || Est. Time Remain: 00:01:05 || Iterations/Sec: 7138.47
Pack Primary Phases: [4/11] Pack Primary Phases : Swapping/Moving/Adding/Removing Features Iteration 277763/739000 || Est. Time Remain: 00:01:04 || Iterations/Sec: 7115.01
Pack Primary Phases: [4/11] Pack Primary Phases : Swapping/Moving/Adding/Removing Features Iteration 283993/739000 || Est. Time Remain: 00:01:04 || Iterations/Sec: 7092.73
Pack Primary Phases: [4/11] Pack Primary Phases : Swapping/Moving/Adding/Removing Features Iteration 290237/739000 || Est. Time Remain: 00:01:03 || Iterations/Sec: 7071.88
Pack Primary Phases: [4/11] Pack Primary Phases : Swapping/Moving/Adding/Removing Features Iteration 296473/739000 || Est. Time Remain: 00:01:02 || Iterations/Sec: 7051.83
Pack Primary Phases: [4/11] Pack Primary Phases : Swapping/Moving/Adding/Removing Features Iteration 302711/739000 || Est. Time Remain: 00:01:02 || Iterations/Sec: 7032.76
Pack Primary Phases: [4/11] Pack Primary Phases : Swapping/Moving/Adding/Removing Features Iteration 308964/739000 || Est. Time Remain: 00:01:01 || Iterations/Sec: 7014.89
Pack Primary Phases: [4/11] Pack Primary Phases : Swapping/Moving/Adding/Removing Features Iteration 315185/739000 || Est. Time Remain: 00:01:00 || Iterations/Sec: 6997.11
Pack Primary Phases: [4/11] Pack Primary Phases : Swapping/Moving/Adding/Removing Features Iteration 321429/739000 || Est. Time Remain: 00:00:59 || Iterations/Sec: 6980.61
Pack Primary Phases: [4/11] Pack Primary Phases : Swapping/Moving/Adding/Removing Features Iteration 327669/739000 || Est. Time Remain: 00:00:59 || Iterations/Sec: 6964.72
Pack Primary Phases: [4/11] Pack Primary Phases : Swapping/Moving/Adding/Removing Features Iteration 333905/739000 || Est. Time Remain: 00:00:58 || Iterations/Sec: 6949.4
Pack Primary Phases: [4/11] Pack Primary Phases : Swapping/Moving/Adding/Removing Features Iteration 340127/739000 || Est. Time Remain: 00:00:57 || Iterations/Sec: 6934.43
Pack Primary Phases: [4/11] Pack Primary Phases : Swapping/Moving/Adding/Removing Features Iteration 346336/739000 || Est. Time Remain: 00:00:56 || Iterations/Sec: 6919.8
Pack Primary Phases: [4/11] Pack Primary Phases : Swapping/Moving/Adding/Removing Features Iteration 352569/739000 || Est. Time Remain: 00:00:55 || Iterations/Sec: 6906.21
Pack Primary Phases: [4/11] Pack Primary Phases : Swapping/Moving/Adding/Removing Features Iteration 358789/739000 || Est. Time Remain: 00:00:55 || Iterations/Sec: 6892.9
Pack Primary Phases: [4/11] Pack Primary Phases : Swapping/Moving/Adding/Removing Features Iteration 365020/739000 || Est. Time Remain: 00:00:54 || Iterations/Sec: 6880.29
Pack Primary Phases: [4/11] Pack Primary Phases : Swapping/Moving/Adding/Removing Features Iteration 371265/739000 || Est. Time Remain: 00:00:53 || Iterations/Sec: 6868.41
Pack Primary Phases: [4/11] Pack Primary Phases : Swapping/Moving/Adding/Removing Features Iteration 377497/739000 || Est. Time Remain: 00:00:52 || Iterations/Sec: 6856.73
Pack Primary Phases: [4/11] Pack Primary Phases : Swapping/Moving/Adding/Removing Features Iteration 383746/739000 || Est. Time Remain: 00:00:51 || Iterations/Sec: 6845.76
Pack Primary Phases: [4/11] Pack Primary Phases : Swapping/Moving/Adding/Removing Features Iteration 389974/739000 || Est. Time Remain: 00:00:51 || Iterations/Sec: 6834.81
Pack Primary Phases: [4/11] Pack Primary Phases : Swapping/Moving/Adding/Removing Features Iteration 396227/739000 || Est. Time Remain: 00:00:50 || Iterations/Sec: 6824.68
Pack Primary Phases: [4/11] Pack Primary Phases : Swapping/Moving/Adding/Removing Features Iteration 402468/739000 || Est. Time Remain: 00:00:49 || Iterations/Sec: 6814.68
Pack Primary Phases: [4/11] Pack Primary Phases : Swapping/Moving/Adding/Removing Features Iteration 408685/739000 || Est. Time Remain: 00:00:48 || Iterations/Sec: 6804.61
Pack Primary Phases: [4/11] Pack Primary Phases : Swapping/Moving/Adding/Removing Features Iteration 414934/739000 || Est. Time Remain: 00:00:47 || Iterations/Sec: 6795.4
Pack Primary Phases: [4/11] Pack Primary Phases : Swapping/Moving/Adding/Removing Features Iteration 421158/739000 || Est. Time Remain: 00:00:46 || Iterations/Sec: 6786.08
Pack Primary Phases: [4/11] Pack Primary Phases : Swapping/Moving/Adding/Removing Features Iteration 427395/739000 || Est. Time Remain: 00:00:45 || Iterations/Sec: 6777.27
Pack Primary Phases: [4/11] Pack Primary Phases : Swapping/Moving/Adding/Removing Features Iteration 433651/739000 || Est. Time Remain: 00:00:45 || Iterations/Sec: 6769.03
Pack Primary Phases: [4/11] Pack Primary Phases : Swapping/Moving/Adding/Removing Features Iteration 439889/739000 || Est. Time Remain: 00:00:44 || Iterations/Sec: 6760.76
Pack Primary Phases: [4/11] Pack Primary Phases : Swapping/Moving/Adding/Removing Features Iteration 446128/739000 || Est. Time Remain: 00:00:43 || Iterations/Sec: 6752.76
Pack Primary Phases: [4/11] Pack Primary Phases : Swapping/Moving/Adding/Removing Features Iteration 452363/739000 || Est. Time Remain: 00:00:42 || Iterations/Sec: 6744.94
Pack Primary Phases: [4/11] Pack Primary Phases : Swapping/Moving/Adding/Removing Features Iteration 458599/739000 || Est. Time Remain: 00:00:41 || Iterations/Sec: 6737.37
Pack Primary Phases: [4/11] Pack Primary Phases : Swapping/Moving/Adding/Removing Features Iteration 464816/739000 || Est. Time Remain: 00:00:40 || Iterations/Sec: 6729.73
Pack Primary Phases: [4/11] Pack Primary Phases : Swapping/Moving/Adding/Removing Features Iteration 471066/739000 || Est. Time Remain: 00:00:39 || Iterations/Sec: 6722.79
Pack Primary Phases: [4/11] Pack Primary Phases : Swapping/Moving/Adding/Removing Features Iteration 477314/739000 || Est. Time Remain: 00:00:38 || Iterations/Sec: 6716.02
Pack Primary Phases: [4/11] Pack Primary Phases : Swapping/Moving/Adding/Removing Features Iteration 483546/739000 || Est. Time Remain: 00:00:38 || Iterations/Sec: 6709.21
Pack Primary Phases: [4/11] Pack Primary Phases : Swapping/Moving/Adding/Removing Features Iteration 489798/739000 || Est. Time Remain: 00:00:37 || Iterations/Sec: 6702.86
Pack Primary Phases: [4/11] Pack Primary Phases : Swapping/Moving/Adding/Removing Features Iteration 496013/739000 || Est. Time Remain: 00:00:36 || Iterations/Sec: 6696.18
Pack Primary Phases: [4/11] Pack Primary Phases : Swapping/Moving/Adding/Removing Features Iteration 502241/739000 || Est. Time Remain: 00:00:35 || Iterations/Sec: 6689.86
Pack Primary Phases: [4/11] Pack Primary Phases : Swapping/Moving/Adding/Removing Features Iteration 508478/739000 || Est. Time Remain: 00:00:34 || Iterations/Sec: 6683.82
Pack Primary Phases: [4/11] Pack Primary Phases : Swapping/Moving/Adding/Removing Features Iteration 514721/739000 || Est. Time Remain: 00:00:33 || Iterations/Sec: 6678.01
Pack Primary Phases: [4/11] Pack Primary Phases : Swapping/Moving/Adding/Removing Features Iteration 520954/739000 || Est. Time Remain: 00:00:32 || Iterations/Sec: 6672.23
Pack Primary Phases: [4/11] Pack Primary Phases : Swapping/Moving/Adding/Removing Features Iteration 527202/739000 || Est. Time Remain: 00:00:31 || Iterations/Sec: 6666.78
Pack Primary Phases: [4/11] Pack Primary Phases : Swapping/Moving/Adding/Removing Features Iteration 533453/739000 || Est. Time Remain: 00:00:30 || Iterations/Sec: 6661.5
Pack Primary Phases: [4/11] Pack Primary Phases : Swapping/Moving/Adding/Removing Features Iteration 539672/739000 || Est. Time Remain: 00:00:29 || Iterations/Sec: 6655.96
Pack Primary Phases: [4/11] Pack Primary Phases : Swapping/Moving/Adding/Removing Features Iteration 545901/739000 || Est. Time Remain: 00:00:29 || Iterations/Sec: 6650.68
Pack Primary Phases: [4/11] Pack Primary Phases : Swapping/Moving/Adding/Removing Features Iteration 552145/739000 || Est. Time Remain: 00:00:28 || Iterations/Sec: 6645.7
Pack Primary Phases: [4/11] Pack Primary Phases : Swapping/Moving/Adding/Removing Features Iteration 558389/739000 || Est. Time Remain: 00:00:27 || Iterations/Sec: 6640.85
Pack Primary Phases: [4/11] Pack Primary Phases : Swapping/Moving/Adding/Removing Features Iteration 564620/739000 || Est. Time Remain: 00:00:26 || Iterations/Sec: 6635.95
Pack Primary Phases: [4/11] Pack Primary Phases : Swapping/Moving/Adding/Removing Features Iteration 570860/739000 || Est. Time Remain: 00:00:25 || Iterations/Sec: 6631.28
Pack Primary Phases: [4/11] Pack Primary Phases : Swapping/Moving/Adding/Removing Features Iteration 577098/739000 || Est. Time Remain: 00:00:24 || Iterations/Sec: 6626.68
Pack Primary Phases: [4/11] Pack Primary Phases : Swapping/Moving/Adding/Removing Features Iteration 583342/739000 || Est. Time Remain: 00:00:23 || Iterations/Sec: 6622.26
Pack Primary Phases: [4/11] Pack Primary Phases : Swapping/Moving/Adding/Removing Features Iteration 589584/739000 || Est. Time Remain: 00:00:22 || Iterations/Sec: 6617.92
Pack Primary Phases: [4/11] Pack Primary Phases : Swapping/Moving/Adding/Removing Features Iteration 595808/739000 || Est. Time Remain: 00:00:21 || Iterations/Sec: 6613.48
Pack Primary Phases: [4/11] Pack Primary Phases : Swapping/Moving/Adding/Removing Features Iteration 602042/739000 || Est. Time Remain: 00:00:20 || Iterations/Sec: 6609.24
Pack Primary Phases: [4/11] Pack Primary Phases : Swapping/Moving/Adding/Removing Features Iteration 608275/739000 || Est. Time Remain: 00:00:19 || Iterations/Sec: 6605.08
Pack Primary Phases: [4/11] Pack Primary Phases : Swapping/Moving/Adding/Removing Features Iteration 614491/739000 || Est. Time Remain: 00:00:18 || Iterations/Sec: 6600.83
Pack Primary Phases: [4/11] Pack Primary Phases : Swapping/Moving/Adding/Removing Features Iteration 620739/739000 || Est. Time Remain: 00:00:17 || Iterations/Sec: 6597.01
Pack Primary Phases: [4/11] Pack Primary Phases : Swapping/Moving/Adding/Removing Features Iteration 626978/739000 || Est. Time Remain: 00:00:16 || Iterations/Sec: 6593.18
Pack Primary Phases: [4/11] Pack Primary Phases : Swapping/Moving/Adding/Removing Features Iteration 633216/739000 || Est. Time Remain: 00:00:16 || Iterations/Sec: 6589.41
Pack Primary Phases: [4/11] Pack Primary Phases : Swapping/Moving/Adding/Removing Features Iteration 639468/739000 || Est. Time Remain: 00:00:15 || Iterations/Sec: 6585.87
Pack Primary Phases: [4/11] Pack Primary Phases : Swapping/Moving/Adding/Removing Features Iteration 645717/739000 || Est. Time Remain: 00:00:14 || Iterations/Sec: 6582.37
Pack Primary Phases: [4/11] Pack Primary Phases : Swapping/Moving/Adding/Removing Features Iteration 651943/739000 || Est. Time Remain: 00:00:13 || Iterations/Sec: 6578.7
Pack Primary Phases: [4/11] Pack Primary Phases : Swapping/Moving/Adding/Removing Features Iteration 658190/739000 || Est. Time Remain: 00:00:12 || Iterations/Sec: 6575.32
Pack Primary Phases: [4/11] Pack Primary Phases : Swapping/Moving/Adding/Removing Features Iteration 664421/739000 || Est. Time Remain: 00:00:11 || Iterations/Sec: 6571.85
Pack Primary Phases: [4/11] Pack Primary Phases : Swapping/Moving/Adding/Removing Features Iteration 670668/739000 || Est. Time Remain: 00:00:10 || Iterations/Sec: 6568.61
Pack Primary Phases: [4/11] Pack Primary Phases : Swapping/Moving/Adding/Removing Features Iteration 676892/739000 || Est. Time Remain: 00:00:09 || Iterations/Sec: 6565.2
Pack Primary Phases: [4/11] Pack Primary Phases : Swapping/Moving/Adding/Removing Features Iteration 683127/739000 || Est. Time Remain: 00:00:08 || Iterations/Sec: 6561.97
Pack Primary Phases: [4/11] Pack Primary Phases : Swapping/Moving/Adding/Removing Features Iteration 689352/739000 || Est. Time Remain: 00:00:07 || Iterations/Sec: 6558.7
Pack Primary Phases: [4/11] Pack Primary Phases : Swapping/Moving/Adding/Removing Features Iteration 695600/739000 || Est. Time Remain: 00:00:06 || Iterations/Sec: 6555.71
Pack Primary Phases: [4/11] Pack Primary Phases : Swapping/Moving/Adding/Removing Features Iteration 701848/739000 || Est. Time Remain: 00:00:05 || Iterations/Sec: 6552.77
Pack Primary Phases: [4/11] Pack Primary Phases : Swapping/Moving/Adding/Removing Features Iteration 708076/739000 || Est. Time Remain: 00:00:04 || Iterations/Sec: 6549.71
Pack Primary Phases: [4/11] Pack Primary Phases : Swapping/Moving/Adding/Removing Features Iteration 714293/739000 || Est. Time Remain: 00:00:03 || Iterations/Sec: 6546.6
Pack Primary Phases: [4/11] Pack Primary Phases : Swapping/Moving/Adding/Removing Features Iteration 720427/739000 || Est. Time Remain: 00:00:02 || Iterations/Sec: 6542.79
Pack Primary Phases: [4/11] Pack Primary Phases : Swapping/Moving/Adding/Removing Features Iteration 726669/739000 || Est. Time Remain: 00:00:01 || Iterations/Sec: 6540.03
Pack Primary Phases: [4/11] Pack Primary Phases : Swapping/Moving/Adding/Removing Features Iteration 732909/739000 || Est. Time Remain: 00:00:00 || Iterations/Sec: 6537.29
Pack Primary Phases: [4/11] Pack Primary Phases : Packing Features || Assigning Voxels
Pack Primary Phases: [4/11] Pack Primary Phases : Packing Features || Assigning Gaps
Pack Primary Phases: [4/11] Pack Primary Phases : Assign Gaps || Cycle#: 1 || Remaining Unassigned Voxel Count: 25178
Pack Primary Phases: [4/11] Pack Primary Phases : Assign Gaps || Cycle#: 2 || Remaining Unassigned Voxel Count: 4469
Pack Primary Phases: [4/11] Pack Primary Phases : Assign Gaps || Cycle#: 3 || Remaining Unassigned Voxel Count: 253
Pack Primary Phases: [4/11] Pack Primary Phases : Assign Gaps || Cycle#: 4 || Remaining Unassigned Voxel Count: 7
Pack Primary Phases: [4/11] Pack Primary Phases : Assign Gaps || Cycle#: 5 || Remaining Unassigned Voxel Count: 0
: 41%
: [5/11] Find Feature Neighbors 
: 50%
: [6/11] Match Crystallography 
Match Crystallography: [6/11] Match Crystallography : Determining Volumes
Match Crystallography: [6/11] Match Crystallography : Determining Boundary Areas
Match Crystallography: Initializing Arrays
Match Crystallography: [6/11] Match Crystallography : Assigning Eulers to Phase 1
Match Crystallography: [6/11] Match Crystallography : Measuring Misorientations of Phase 1
Match Crystallography: [6/11] Match Crystallography : Matching Crystallography of Phase 1
Match Crystallography: [6/11] Match Crystallography : Swapping/Switching Orientations Iteration 25718/100000 || Est. Time Remain: 00:00:02 || Iterations/Sec: 25692.3
Match Crystallography: Initializing Arrays
Match Crystallography: [6/11] Match Crystallography : Assigning Eulers to Phase 2
Match Crystallography: [6/11] Match Crystallography : Measuring Misorientations of Phase 2
Match Crystallography: [6/11] Match Crystallography : Matching Crystallography of Phase 2
Match Crystallography: Initializing Arrays
Match Crystallography: [6/11] Match Crystallography : Assigning Eulers to Phase 3
Match Crystallography: [6/11] Match Crystallography : Measuring Misorientations of Phase 3
Match Crystallography: [6/11] Match Crystallography : Matching Crystallography of Phase 3
Match Crystallography: [6/11] Match Crystallography : Swapping/Switching Orientations Iteration 25841/100000 || Est. Time Remain: 00:00:02 || Iterations/Sec: 25815.2
Match Crystallography: [6/11] Match Crystallography : Swapping/Switching Orientations Iteration 51692/100000 || Est. Time Remain: 00:00:01 || Iterations/Sec: 25820.2
Match Crystallography: [6/11] Match Crystallography : Swapping/Switching Orientations Iteration 77539/100000 || Est. Time Remain: 00:00:00 || Iterations/Sec: 25820.5
Match Crystallography: Initializing Arrays
Match Crystallography: [6/11] Match Crystallography : Assigning Eulers to Phase 4
Match Crystallography: [6/11] Match Crystallography : Measuring Misorientations of Phase 4
Match Crystallography: [6/11] Match Crystallography : Matching Crystallography of Phase 4
: 58%
: [7/11] Generate IPF Colors 
: 66%
: [8/11] Export DAMASK Files 
: 75%
: [9/11] Export Feature Data as CSV File 
Export Feature Data as CSV File: [9/11] Export Feature Data as CSV File : Writing Feature Data || 0.0213493% Complete
Export Feature Data as CSV File: [9/11] Export Feature Data as CSV File : Writing Feature Data || 5.01708% Complete
Export Feature Data as CSV File: [9/11] Export Feature Data as CSV File : Writing Feature Data || 10.0128% Complete
Export Feature Data as CSV File: [9/11] Export Feature Data as CSV File : Writing Feature Data || 15.0085% Complete
Export Feature Data as CSV File: [9/11] Export Feature Data as CSV File : Writing Feature Data || 20.0043% Complete
Export Feature Data as CSV File: [9/11] Export Feature Data as CSV File : Writing Feature Data || 25.0214% Complete
Export Feature Data as CSV File: [9/11] Export Feature Data as CSV File : Writing Feature Data || 30.0171% Complete
Export Feature Data as CSV File: [9/11] Export Feature Data as CSV File : Writing Feature Data || 35.0128% Complete
Export Feature Data as CSV File: [9/11] Export Feature Data as CSV File : Writing Feature Data || 40.0085% Complete
Export Feature Data as CSV File: [9/11] Export Feature Data as CSV File : Writing Feature Data || 45.0043% Complete
Export Feature Data as CSV File: [9/11] Export Feature Data as CSV File : Writing Feature Data || 50.0214% Complete
Export Feature Data as CSV File: [9/11] Export Feature Data as CSV File : Writing Feature Data || 55.0171% Complete
Export Feature Data as CSV File: [9/11] Export Feature Data as CSV File : Writing Feature Data || 60.0128% Complete
Export Feature Data as CSV File: [9/11] Export Feature Data as CSV File : Writing Feature Data || 65.0085% Complete
Export Feature Data as CSV File: [9/11] Export Feature Data as CSV File : Writing Feature Data || 70.0043% Complete
Export Feature Data as CSV File: [9/11] Export Feature Data as CSV File : Writing Feature Data || 75.0213% Complete
Export Feature Data as CSV File: [9/11] Export Feature Data as CSV File : Writing Feature Data || 80.0171% Complete
Export Feature Data as CSV File: [9/11] Export Feature Data as CSV File : Writing Feature Data || 85.0128% Complete
Export Feature Data as CSV File: [9/11] Export Feature Data as CSV File : Writing Feature Data || 90.0085% Complete
Export Feature Data as CSV File: [9/11] Export Feature Data as CSV File : Writing Feature Data || 95.0043% Complete
: 83%
: [10/11] Export Los Alamos FFT File 
: 91%
: [11/11] Write DREAM.3D Data File 
: Pipeline Complete
